2024-06-15T07:51:02+00:00 DEBUG POST: https://ads.tiktok.com/marketing_api/api/developer/app/create_auto_approve/

{"business_platform":"PROD","smb_id":"tt4b_woocommerce_666d47e6670e3httplocalhostdoanwp-admin","smb_name":"PROD","redirect_url":"http:\/\/localhost\/do_an\/wp-admin\/"}
 ajax: no
2024-06-15T07:51:02+00:00 DEBUG Tt4b_Mapi_Class::create_open_source_app: Response: 

HTTP/1.1 200 OK
Content-Type: application/json
X-Tt-Logid: 202406150751018A329E6BD1FE9D2D628C,202406150751018A329E6BD1FE9D2D628C
Strict-Transport-Security: max-age=31536000; includeSubDomains
x-tt-trace-host: 01d03e8fed79b57ec5b52281bbea384f3be502bb490d19962666923bfb991c4fb2018971398d935016b467936e6e18f9603f21e7fd92aa5359ef518ce57f106884c021d2f8c02dc07ea4dfa659dd8fc1d3d7b402199ed4a69cb55ce9c25aa1326a7516fb3c8b46e86a810ffc35beffbf21
x-tt-trace-id: 00-2406150751018A329E6BD1FE9D2D628C-05F17F010E73FB76-00
Server: TLB
Content-Encoding: gzip
Content-Length: 205
X-Origin-Response-Time: 89,23.44.4.109
X-Akamai-Request-ID: 26de8a93.6b47fb2e
Date: Sat, 15 Jun 2024 07:51:02 GMT
X-Cache: TCP_MISS from a23-32-74-70.deploy.akamaitechnologies.com (AkamaiGHost/11.5.2-56372494) (-)
Connection: close
Vary: Accept-Encoding
X-Cache-Remote: TCP_MISS from a23-44-4-109.deploy.akamaitechnologies.com (AkamaiGHost/11.5.2-56372494) (-)
x-tt-trace-tag: id=16;cdn-cache=miss;type=dyn
Server-Timing: cdn-cache; desc=MISS, edge; dur=45, origin; dur=88
Server-Timing: inner; dur=83
X-Parent-Response-Time: 131,23.32.74.70

{"code":0,"msg":"ok","data":{"app_secret":"52b8daea872adbe289f9fb733f236172a6b00844","app_id":"7380634419725369360","external_data_key":"88142f1f-cb32-4b15-8af9-b20de2bbb888","redirect_uri":"http:\/\/localhost\/do_an\/wp-admin\/"}}

2024-06-15T07:58:27+00:00 DEBUG Tt4b_Pixel_Class::inject_view_content_event: hit ViewContent
2024-06-15T07:58:27+00:00 DEBUG Tt4b_Pixel_Class::inject_view_content_event: Missing option "access_token"
2024-06-15T07:58:55+00:00 DEBUG Tt4b_Pixel_Class::inject_view_content_event: hit ViewContent
2024-06-15T07:58:55+00:00 DEBUG Tt4b_Pixel_Class::inject_view_content_event: Missing option "access_token"
2024-06-15T08:29:20+00:00 DEBUG Tt4b_Pixel_Class::inject_view_content_event: hit ViewContent
2024-06-15T08:29:20+00:00 DEBUG Tt4b_Pixel_Class::inject_view_content_event: Missing option "access_token"
2024-06-15T09:42:08+00:00 DEBUG Tt4b_Pixel_Class::inject_view_content_event: hit ViewContent
2024-06-15T09:42:08+00:00 DEBUG Tt4b_Pixel_Class::inject_view_content_event: Missing option "access_token"
2024-06-15T09:42:11+00:00 DEBUG Tt4b_Pixel_Class::inject_view_content_event: hit ViewContent
2024-06-15T09:42:11+00:00 DEBUG Tt4b_Pixel_Class::inject_view_content_event: Missing option "access_token"
2024-06-15T09:42:14+00:00 DEBUG Tt4b_Pixel_Class::inject_view_content_event: hit ViewContent
2024-06-15T09:42:14+00:00 DEBUG Tt4b_Pixel_Class::inject_view_content_event: Missing option "access_token"
2024-06-15T09:42:17+00:00 DEBUG Tt4b_Pixel_Class::inject_view_content_event: hit ViewContent
2024-06-15T09:42:17+00:00 DEBUG Tt4b_Pixel_Class::inject_view_content_event: Missing option "access_token"
2024-06-15T09:42:20+00:00 DEBUG Tt4b_Pixel_Class::inject_view_content_event: hit ViewContent
2024-06-15T09:42:20+00:00 DEBUG Tt4b_Pixel_Class::inject_view_content_event: Missing option "access_token"
2024-06-15T09:42:23+00:00 DEBUG Tt4b_Pixel_Class::inject_view_content_event: hit ViewContent
2024-06-15T09:42:23+00:00 DEBUG Tt4b_Pixel_Class::inject_view_content_event: Missing option "access_token"
2024-06-15T09:42:26+00:00 DEBUG Tt4b_Pixel_Class::inject_view_content_event: hit ViewContent
2024-06-15T09:42:26+00:00 DEBUG Tt4b_Pixel_Class::inject_view_content_event: Missing option "access_token"
2024-06-15T10:34:48+00:00 DEBUG Tt4b_Pixel_Class::inject_view_content_event: hit ViewContent
2024-06-15T10:34:48+00:00 DEBUG Tt4b_Pixel_Class::inject_view_content_event: Missing option "access_token"
2024-06-15T10:34:52+00:00 DEBUG Tt4b_Pixel_Class::inject_view_content_event: hit ViewContent
2024-06-15T10:34:52+00:00 DEBUG Tt4b_Pixel_Class::inject_view_content_event: Missing option "access_token"
2024-06-15T10:34:56+00:00 DEBUG Tt4b_Pixel_Class::inject_view_content_event: hit ViewContent
2024-06-15T10:34:56+00:00 DEBUG Tt4b_Pixel_Class::inject_view_content_event: Missing option "access_token"
2024-06-15T10:35:00+00:00 DEBUG Tt4b_Pixel_Class::inject_view_content_event: hit ViewContent
2024-06-15T10:35:00+00:00 DEBUG Tt4b_Pixel_Class::inject_view_content_event: Missing option "access_token"
2024-06-15T10:35:03+00:00 DEBUG Tt4b_Pixel_Class::inject_view_content_event: hit ViewContent
2024-06-15T10:35:03+00:00 DEBUG Tt4b_Pixel_Class::inject_view_content_event: Missing option "access_token"
2024-06-15T10:35:06+00:00 DEBUG Tt4b_Pixel_Class::inject_view_content_event: hit ViewContent
2024-06-15T10:35:06+00:00 DEBUG Tt4b_Pixel_Class::inject_view_content_event: Missing option "access_token"
2024-06-15T10:35:09+00:00 DEBUG Tt4b_Pixel_Class::inject_view_content_event: hit ViewContent
2024-06-15T10:35:09+00:00 DEBUG Tt4b_Pixel_Class::inject_view_content_event: Missing option "access_token"
